{"level":"INFO","time":"2024-06-17T22:34:37.459+0800","caller":"user/user.go:28","msg":"成功 INFO"}
{"level":"DEBUG","time":"2024-06-17T22:34:37.460+0800","caller":"user/user.go:29","msg":"成功 DEBUG"}
{"level":"ERROR","time":"2024-06-17T22:34:37.460+0800","caller":"user/user.go:30","msg":"成功 ERROR"}
{"level":"INFO","time":"2024-06-17T22:34:41.220+0800","caller":"user/user.go:28","msg":"成功 INFO"}
{"level":"DEBUG","time":"2024-06-17T22:34:41.220+0800","caller":"user/user.go:29","msg":"成功 DEBUG"}
{"level":"ERROR","time":"2024-06-17T22:34:41.220+0800","caller":"user/user.go:30","msg":"成功 ERROR"}
{"level":"INFO","time":"2024-06-18T14:56:59.670+0800","caller":"login.service.v1/login_service.go:37","msg":"短信平台调用成功，发送短信"}
{"level":"INFO","time":"2024-06-18T21:48:25.165+0800","caller":"login.service.v1/login_service.go:39","msg":"短信平台调用成功，发送短信"}
{"level":"INFO","time":"2024-06-18T22:55:21.065+0800","caller":"login.service.v1/login_service.go:44","msg":"短信平台调用成功，发送短信"}
{"level":"INFO","time":"2024-06-19T12:28:55.801+0800","caller":"login.service.v1/login_service.go:51","msg":"短信平台调用成功，发送短信"}
{"level":"ERROR","time":"2024-06-19T17:34:31.933+0800","caller":"project_service.v1/project_service.go:33","msg":"Index db FindMenus error","error":"Error 1146 (42S02): Table 'ms_project.ms_project_menu' doesn't exist"}
{"level":"ERROR","time":"2024-06-19T17:36:30.355+0800","caller":"project_service.v1/project_service.go:33","msg":"Index db FindMenus error","error":"Error 1146 (42S02): Table 'ms_project.ms_project_menu' doesn't exist"}
{"level":"ERROR","time":"2024-06-19T18:26:30.175+0800","caller":"login.service.v1/login_service.go:195","msg":"Login  TokenVerify error","error":"token contains an invalid number of segments"}
{"level":"ERROR","time":"2024-06-19T18:27:36.232+0800","caller":"login.service.v1/login_service.go:195","msg":"Login  TokenVerify error","error":"signature is invalid"}
{"level":"ERROR","time":"2024-06-19T20:25:38.250+0800","caller":"login.service.v1/login_service.go:195","msg":"Login  TokenVerify error","error":"token contains an invalid number of segments"}
{"level":"ERROR","time":"2024-06-19T20:32:21.643+0800","caller":"login.service.v1/login_service.go:195","msg":"Login  TokenVerify error","error":"token contains an invalid number of segments"}
{"level":"ERROR","time":"2024-06-20T14:07:52.039+0800","caller":"login.service.v1/login_service.go:205","msg":"Login  TokenVerify error","error":"token contains an invalid number of segments"}
{"level":"ERROR","time":"2024-06-23T18:43:01.243+0800","caller":"login.service.v1/login_service.go:218","msg":"TokenVerify cache get member error","error":"redis: nil"}
{"level":"ERROR","time":"2024-06-23T18:43:27.130+0800","caller":"login.service.v1/login_service.go:218","msg":"TokenVerify cache get member error","error":"redis: nil"}
{"level":"INFO","time":"2024-06-23T18:44:48.254+0800","caller":"interceptor/cache.go:53","msg":"/login.service.v1.LoginService/MyOrgList 放入缓存"}
{"level":"ERROR","time":"2024-06-23T18:49:40.468+0800","caller":"login.service.v1/login_service.go:212","msg":"Login  TokenVerify error","error":"token contains an invalid number of segments"}
{"level":"INFO","time":"2024-06-23T18:58:54.032+0800","caller":"interceptor/cache.go:53","msg":"/login.service.v1.LoginService/MyOrgList 放入缓存"}
{"level":"INFO","time":"2024-06-23T18:59:04.159+0800","caller":"interceptor/cache.go:47","msg":"/login.service.v1.LoginService/MyOrgList 走了缓存"}
