{"level":"INFO","time":"2024-06-17T22:34:37.459+0800","caller":"user/user.go:28","msg":"成功 INFO"}
{"level":"ERROR","time":"2024-06-17T22:34:37.460+0800","caller":"user/user.go:30","msg":"成功 ERROR"}
{"level":"INFO","time":"2024-06-17T22:34:41.220+0800","caller":"user/user.go:28","msg":"成功 INFO"}
{"level":"ERROR","time":"2024-06-17T22:34:41.220+0800","caller":"user/user.go:30","msg":"成功 ERROR"}
{"level":"INFO","time":"2024-06-18T14:56:59.670+0800","caller":"login.service.v1/login_service.go:37","msg":"短信平台调用成功，发送短信"}
{"level":"INFO","time":"2024-06-18T21:48:25.165+0800","caller":"login.service.v1/login_service.go:39","msg":"短信平台调用成功，发送短信"}
{"level":"INFO","time":"2024-06-18T22:55:21.065+0800","caller":"login.service.v1/login_service.go:44","msg":"短信平台调用成功，发送短信"}
{"level":"INFO","time":"2024-06-19T12:28:55.801+0800","caller":"login.service.v1/login_service.go:51","msg":"短信平台调用成功，发送短信"}
{"level":"ERROR","time":"2024-06-19T17:34:31.933+0800","caller":"project_service.v1/project_service.go:33","msg":"Index db FindMenus error","error":"Error 1146 (42S02): Table 'ms_project.ms_project_menu' doesn't exist"}
{"level":"ERROR","time":"2024-06-19T17:36:30.355+0800","caller":"project_service.v1/project_service.go:33","msg":"Index db FindMenus error","error":"Error 1146 (42S02): Table 'ms_project.ms_project_menu' doesn't exist"}
{"level":"ERROR","time":"2024-06-19T18:26:30.175+0800","caller":"login.service.v1/login_service.go:195","msg":"Login  TokenVerify error","error":"token contains an invalid number of segments"}
{"level":"ERROR","time":"2024-06-19T18:27:36.232+0800","caller":"login.service.v1/login_service.go:195","msg":"Login  TokenVerify error","error":"signature is invalid"}
{"level":"ERROR","time":"2024-06-19T20:25:38.250+0800","caller":"login.service.v1/login_service.go:195","msg":"Login  TokenVerify error","error":"token contains an invalid number of segments"}
{"level":"ERROR","time":"2024-06-19T20:32:21.643+0800","caller":"login.service.v1/login_service.go:195","msg":"Login  TokenVerify error","error":"token contains an invalid number of segments"}
{"level":"ERROR","time":"2024-06-20T14:07:52.039+0800","caller":"login.service.v1/login_service.go:205","msg":"Login  TokenVerify error","error":"token contains an invalid number of segments"}
{"level":"ERROR","time":"2024-06-23T18:43:01.243+0800","caller":"login.service.v1/login_service.go:218","msg":"TokenVerify cache get member error","error":"redis: nil"}
{"level":"ERROR","time":"2024-06-23T18:43:27.130+0800","caller":"login.service.v1/login_service.go:218","msg":"TokenVerify cache get member error","error":"redis: nil"}
{"level":"INFO","time":"2024-06-23T18:44:48.254+0800","caller":"interceptor/cache.go:53","msg":"/login.service.v1.LoginService/MyOrgList 放入缓存"}
{"level":"ERROR","time":"2024-06-23T18:49:40.468+0800","caller":"login.service.v1/login_service.go:212","msg":"Login  TokenVerify error","error":"token contains an invalid number of segments"}
{"level":"INFO","time":"2024-06-23T18:58:54.032+0800","caller":"interceptor/cache.go:53","msg":"/login.service.v1.LoginService/MyOrgList 放入缓存"}
{"level":"INFO","time":"2024-06-23T18:59:04.159+0800","caller":"interceptor/cache.go:47","msg":"/login.service.v1.LoginService/MyOrgList 走了缓存"}
{"level":"INFO","time":"2024-06-25T11:44:38.849+0800","caller":"midd/log_time.go:16","msg":"/debug/pprof/ 用时 0 ms"}
{"level":"INFO","time":"2024-06-25T11:44:38.889+0800","caller":"midd/log_time.go:16","msg":"/favicon.ico 用时 0 ms"}
{"level":"INFO","time":"2024-07-16T17:21:26.132+0800","caller":"midd/log_time.go:16","msg":"/project/project/selfList 用时 0 ms"}
{"level":"INFO","time":"2024-07-16T17:21:37.395+0800","caller":"midd/log_time.go:16","msg":"/project/project/selfList 用时 0 ms"}
{"level":"INFO","time":"2024-07-16T17:21:52.482+0800","caller":"midd/log_time.go:16","msg":"/project/organization/_getOrgList 用时 0 ms"}
{"level":"INFO","time":"2024-07-16T17:22:05.624+0800","caller":"midd/log_time.go:16","msg":"/project/project_template 用时 0 ms"}
{"level":"INFO","time":"2024-07-16T17:22:46.696+0800","caller":"midd/log_time.go:16","msg":"/project/login 用时 13 ms"}
{"level":"INFO","time":"2024-07-16T17:24:06.848+0800","caller":"interceptor/cache.go:53","msg":"/login.service.v1.LoginService/MyOrgList 放入缓存"}
{"level":"INFO","time":"2024-07-16T17:24:06.848+0800","caller":"midd/log_time.go:16","msg":"/project/organization/_getOrgList 用时 2 ms"}
{"level":"INFO","time":"2024-07-16T17:28:43.823+0800","caller":"interceptor/cache.go:47","msg":"/login.service.v1.LoginService/MyOrgList 走了缓存"}
{"level":"INFO","time":"2024-07-16T17:28:43.823+0800","caller":"midd/log_time.go:16","msg":"/project/organization/_getOrgList 用时 1 ms"}
{"level":"INFO","time":"2024-07-16T17:29:21.101+0800","caller":"interceptor/cache.go:53","msg":"/login.service.v1.LoginService/MyOrgList 放入缓存"}
{"level":"INFO","time":"2024-07-16T17:29:21.101+0800","caller":"midd/log_time.go:16","msg":"/project/organization/_getOrgList 用时 2 ms"}
{"level":"INFO","time":"2024-07-16T17:29:25.530+0800","caller":"midd/log_time.go:16","msg":"/project/login 用时 2 ms"}
{"level":"INFO","time":"2024-07-16T17:30:23.196+0800","caller":"interceptor/cache.go:47","msg":"/login.service.v1.LoginService/MyOrgList 走了缓存"}
{"level":"INFO","time":"2024-07-16T17:30:23.196+0800","caller":"midd/log_time.go:16","msg":"/project/organization/_getOrgList 用时 1 ms"}
{"level":"INFO","time":"2024-07-16T17:30:24.427+0800","caller":"interceptor/cache.go:47","msg":"/login.service.v1.LoginService/MyOrgList 走了缓存"}
{"level":"INFO","time":"2024-07-16T17:30:24.427+0800","caller":"midd/log_time.go:16","msg":"/project/organization/_getOrgList 用时 1 ms"}
{"level":"ERROR","time":"2024-07-16T17:30:54.572+0800","caller":"login.service.v1/login_service.go:214","msg":"Login  TokenVerify error","error":"token contains an invalid number of segments"}
{"level":"INFO","time":"2024-07-16T17:30:54.581+0800","caller":"midd/log_time.go:16","msg":"/project/index 用时 9 ms"}
{"level":"INFO","time":"2024-07-16T17:33:21.568+0800","caller":"interceptor/cache.go:47","msg":"/login.service.v1.LoginService/MyOrgList 走了缓存"}
{"level":"INFO","time":"2024-07-16T17:33:21.568+0800","caller":"midd/log_time.go:16","msg":"/project/organization/_getOrgList 用时 1 ms"}
{"level":"INFO","time":"2024-07-16T17:34:23.604+0800","caller":"interceptor/cache.go:53","msg":"/login.service.v1.LoginService/MyOrgList 放入缓存"}
{"level":"INFO","time":"2024-07-16T17:34:23.604+0800","caller":"midd/log_time.go:16","msg":"/project/organization/_getOrgList 用时 2 ms"}
{"level":"INFO","time":"2024-07-16T17:34:32.255+0800","caller":"midd/log_time.go:16","msg":"/project/project/selfList 用时 6 ms"}
{"level":"INFO","time":"2024-07-16T19:28:54.589+0800","caller":"midd/log_time.go:16","msg":"/project/project/selfList 用时 10 ms"}
