{"level":"ERROR","time":"2024-06-17T22:34:37.460+0800","caller":"user/user.go:30","msg":"成功 ERROR"}
{"level":"ERROR","time":"2024-06-17T22:34:41.220+0800","caller":"user/user.go:30","msg":"成功 ERROR"}
{"level":"ERROR","time":"2024-06-19T17:34:31.933+0800","caller":"project_service.v1/project_service.go:33","msg":"Index db FindMenus error","error":"Error 1146 (42S02): Table 'ms_project.ms_project_menu' doesn't exist"}
{"level":"ERROR","time":"2024-06-19T17:36:30.355+0800","caller":"project_service.v1/project_service.go:33","msg":"Index db FindMenus error","error":"Error 1146 (42S02): Table 'ms_project.ms_project_menu' doesn't exist"}
{"level":"ERROR","time":"2024-06-19T18:26:30.175+0800","caller":"login.service.v1/login_service.go:195","msg":"Login  TokenVerify error","error":"token contains an invalid number of segments"}
{"level":"ERROR","time":"2024-06-19T18:27:36.232+0800","caller":"login.service.v1/login_service.go:195","msg":"Login  TokenVerify error","error":"signature is invalid"}
{"level":"ERROR","time":"2024-06-19T20:25:38.250+0800","caller":"login.service.v1/login_service.go:195","msg":"Login  TokenVerify error","error":"token contains an invalid number of segments"}
{"level":"ERROR","time":"2024-06-19T20:32:21.643+0800","caller":"login.service.v1/login_service.go:195","msg":"Login  TokenVerify error","error":"token contains an invalid number of segments"}
{"level":"ERROR","time":"2024-06-20T14:07:52.039+0800","caller":"login.service.v1/login_service.go:205","msg":"Login  TokenVerify error","error":"token contains an invalid number of segments"}
{"level":"ERROR","time":"2024-06-23T18:43:01.243+0800","caller":"login.service.v1/login_service.go:218","msg":"TokenVerify cache get member error","error":"redis: nil"}
{"level":"ERROR","time":"2024-06-23T18:43:27.130+0800","caller":"login.service.v1/login_service.go:218","msg":"TokenVerify cache get member error","error":"redis: nil"}
{"level":"ERROR","time":"2024-06-23T18:49:40.468+0800","caller":"login.service.v1/login_service.go:212","msg":"Login  TokenVerify error","error":"token contains an invalid number of segments"}
{"level":"ERROR","time":"2024-07-16T17:30:54.572+0800","caller":"login.service.v1/login_service.go:214","msg":"Login  TokenVerify error","error":"token contains an invalid number of segments"}
{"level":"ERROR","time":"2024-07-17T11:38:36.811+0800","caller":"config/gorm.go:55","msg":"Use slave err ","error":"Error 1045 (28000): Access denied for user 'root'@'localhost' (using password: YES)"}
{"level":"ERROR","time":"2024-07-17T11:40:33.968+0800","caller":"config/gorm.go:55","msg":"Use slave err ","error":"Error 1045 (28000): Access denied for user 'root'@'localhost' (using password: YES)"}
{"level":"ERROR","time":"2024-07-17T11:42:07.443+0800","caller":"config/gorm.go:55","msg":"Use slave err ","error":"Error 1045 (28000): Access denied for user 'root'@'localhost' (using password: YES)"}
{"level":"ERROR","time":"2024-07-17T13:50:15.484+0800","caller":"config/gorm.go:29","msg":"连接数据库失败 ","error":"dial tcp 127.0.0.1:3307: connect: connection refused"}
{"level":"ERROR","time":"2024-07-17T13:55:19.209+0800","caller":"config/gorm.go:55","msg":"Use slave err ","error":"dial tcp 127.0.0.1:33061: connect: connection refused"}
{"level":"ERROR","time":"2024-07-17T13:59:48.475+0800","caller":"config/gorm.go:30","msg":"连接数据库失败 ","error":"dial tcp 127.0.0.1:33061: connect: connection refused"}
{"level":"ERROR","time":"2024-07-17T14:00:17.595+0800","caller":"config/gorm.go:30","msg":"连接数据库失败 ","error":"dial tcp 127.0.0.1:33061: connect: connection refused"}
{"level":"ERROR","time":"2024-07-17T15:18:15.697+0800","caller":"login.service.v1/login_service.go:214","msg":"Login  TokenVerify error","error":"Token is expired"}
{"level":"ERROR","time":"2024-07-17T15:35:00.181+0800","caller":"login.service.v1/login_service.go:214","msg":"Login  TokenVerify error","error":"Token is expired"}
{"level":"ERROR","time":"2024-07-17T15:47:10.864+0800","caller":"login.service.v1/login_service.go:214","msg":"Login  TokenVerify error","error":"Token is expired"}
